2021-12-08 10:57:27.846 - Starting SpringBootDemoApplication on LAPTOP-DMT6I0HJ with PID 4860 (started by 沐霖 in D:\伊斌_JAVA)
2021-12-08 10:57:27.847 - The following profiles are active: dev
2021-12-08 10:57:28.177 - Multiple Spring Data modules found, entering strict repository configuration mode!
2021-12-08 10:57:28.179 - Bootstrapping Spring Data repositories in DEFAULT mode.
2021-12-08 10:57:28.189 - Application run failed
java.lang.NoSuchMethodError: 'java.lang.Object org.springframework.data.repository.config.RepositoryConfigurationSource.getRequiredAttribute(java.lang.String, java.lang.Class)'
	at org.springframework.data.redis.repository.configuration.RedisRepositoryConfigurationExtension.createMappingConfigBeanDef(RedisRepositoryConfigurationExtension.java:171)
	at org.springframework.data.redis.repository.configuration.RedisRepositoryConfigurationExtension.createRedisMappingContext(RedisRepositoryConfigurationExtension.java:164)
	at org.springframework.data.redis.repository.configuration.RedisRepositoryConfigurationExtension.lambda$registerBeansForRoot$0(RedisRepositoryConfigurationExtension.java:96)
	at org.springframework.data.repository.config.RepositoryConfigurationExtensionSupport.registerIfNotAlreadyRegistered(RepositoryConfigurationExtensionSupport.java:270)
	at org.springframework.data.redis.repository.configuration.RedisRepositoryConfigurationExtension.registerBeansForRoot(RedisRepositoryConfigurationExtension.java:96)
	at org.springframework.data.repository.config.RepositoryConfigurationDelegate.registerRepositoriesIn(RepositoryConfigurationDelegate.java:129)
	at org.springframework.boot.autoconfigure.data.AbstractRepositoryConfigurationSourceSupport.registerBeanDefinitions(AbstractRepositoryConfigurationSourceSupport.java:59)
	at org.springframework.context.annotation.ImportBeanDefinitionRegistrar.registerBeanDefinitions(ImportBeanDefinitionRegistrar.java:86)
	at org.springframework.context.annotation.ConfigurationClassBeanDefinitionReader.lambda$loadBeanDefinitionsFromRegistrars$1(ConfigurationClassBeanDefinitionReader.java:396)
	at java.base/java.util.LinkedHashMap.forEach(LinkedHashMap.java:723)
	at org.springframework.context.annotation.ConfigurationClassBeanDefinitionReader.loadBeanDefinitionsFromRegistrars(ConfigurationClassBeanDefinitionReader.java:395)
	at org.springframework.context.annotation.ConfigurationClassBeanDefinitionReader.loadBeanDefinitionsForConfigurationClass(ConfigurationClassBeanDefinitionReader.java:157)
	at org.springframework.context.annotation.ConfigurationClassBeanDefinitionReader.loadBeanDefinitions(ConfigurationClassBeanDefinitionReader.java:129)
	at org.springframework.context.annotation.ConfigurationClassPostProcessor.processConfigBeanDefinitions(ConfigurationClassPostProcessor.java:343)
	at org.springframework.context.annotation.ConfigurationClassPostProcessor.postProcessBeanDefinitionRegistry(ConfigurationClassPostProcessor.java:247)
	at org.springframework.context.support.PostProcessorRegistrationDelegate.invokeBeanDefinitionRegistryPostProcessors(PostProcessorRegistrationDelegate.java:311)
	at org.springframework.context.support.PostProcessorRegistrationDelegate.invokeBeanFactoryPostProcessors(PostProcessorRegistrationDelegate.java:112)
	at org.springframework.context.support.AbstractApplicationContext.invokeBeanFactoryPostProcessors(AbstractApplicationContext.java:746)
	at org.springframework.context.support.AbstractApplicationContext.refresh(AbstractApplicationContext.java:564)
	at org.springframework.boot.web.servlet.context.ServletWebServerApplicationContext.refresh(ServletWebServerApplicationContext.java:140)
	at org.springframework.boot.SpringApplication.refresh(SpringApplication.java:742)
	at org.springframework.boot.SpringApplication.refreshContext(SpringApplication.java:389)
	at org.springframework.boot.SpringApplication.run(SpringApplication.java:311)
	at org.springframework.boot.SpringApplication.run(SpringApplication.java:1213)
	at org.springframework.boot.SpringApplication.run(SpringApplication.java:1202)
	at SpringBoot.SpringBootDemoApplication.main(SpringBootDemoApplication.java:11)
2021-12-08 10:58:24.309 - Starting SpringBootDemoApplication on LAPTOP-DMT6I0HJ with PID 9392 (started by 沐霖 in D:\伊斌_JAVA)
2021-12-08 10:58:24.311 - The following profiles are active: dev
2021-12-08 10:58:24.673 - Multiple Spring Data modules found, entering strict repository configuration mode!
2021-12-08 10:58:24.674 - Bootstrapping Spring Data repositories in DEFAULT mode.
2021-12-08 10:58:24.685 - Application run failed
java.lang.NoSuchMethodError: 'java.lang.Object org.springframework.data.repository.config.RepositoryConfigurationSource.getRequiredAttribute(java.lang.String, java.lang.Class)'
	at org.springframework.data.redis.repository.configuration.RedisRepositoryConfigurationExtension.createMappingConfigBeanDef(RedisRepositoryConfigurationExtension.java:171)
	at org.springframework.data.redis.repository.configuration.RedisRepositoryConfigurationExtension.createRedisMappingContext(RedisRepositoryConfigurationExtension.java:164)
	at org.springframework.data.redis.repository.configuration.RedisRepositoryConfigurationExtension.lambda$registerBeansForRoot$0(RedisRepositoryConfigurationExtension.java:96)
	at org.springframework.data.repository.config.RepositoryConfigurationExtensionSupport.registerIfNotAlreadyRegistered(RepositoryConfigurationExtensionSupport.java:270)
	at org.springframework.data.redis.repository.configuration.RedisRepositoryConfigurationExtension.registerBeansForRoot(RedisRepositoryConfigurationExtension.java:96)
	at org.springframework.data.repository.config.RepositoryConfigurationDelegate.registerRepositoriesIn(RepositoryConfigurationDelegate.java:129)
	at org.springframework.boot.autoconfigure.data.AbstractRepositoryConfigurationSourceSupport.registerBeanDefinitions(AbstractRepositoryConfigurationSourceSupport.java:59)
	at org.springframework.context.annotation.ImportBeanDefinitionRegistrar.registerBeanDefinitions(ImportBeanDefinitionRegistrar.java:86)
	at org.springframework.context.annotation.ConfigurationClassBeanDefinitionReader.lambda$loadBeanDefinitionsFromRegistrars$1(ConfigurationClassBeanDefinitionReader.java:396)
	at java.base/java.util.LinkedHashMap.forEach(LinkedHashMap.java:723)
	at org.springframework.context.annotation.ConfigurationClassBeanDefinitionReader.loadBeanDefinitionsFromRegistrars(ConfigurationClassBeanDefinitionReader.java:395)
	at org.springframework.context.annotation.ConfigurationClassBeanDefinitionReader.loadBeanDefinitionsForConfigurationClass(ConfigurationClassBeanDefinitionReader.java:157)
	at org.springframework.context.annotation.ConfigurationClassBeanDefinitionReader.loadBeanDefinitions(ConfigurationClassBeanDefinitionReader.java:129)
	at org.springframework.context.annotation.ConfigurationClassPostProcessor.processConfigBeanDefinitions(ConfigurationClassPostProcessor.java:343)
	at org.springframework.context.annotation.ConfigurationClassPostProcessor.postProcessBeanDefinitionRegistry(ConfigurationClassPostProcessor.java:247)
	at org.springframework.context.support.PostProcessorRegistrationDelegate.invokeBeanDefinitionRegistryPostProcessors(PostProcessorRegistrationDelegate.java:311)
	at org.springframework.context.support.PostProcessorRegistrationDelegate.invokeBeanFactoryPostProcessors(PostProcessorRegistrationDelegate.java:112)
	at org.springframework.context.support.AbstractApplicationContext.invokeBeanFactoryPostProcessors(AbstractApplicationContext.java:746)
	at org.springframework.context.support.AbstractApplicationContext.refresh(AbstractApplicationContext.java:564)
	at org.springframework.boot.web.servlet.context.ServletWebServerApplicationContext.refresh(ServletWebServerApplicationContext.java:140)
	at org.springframework.boot.SpringApplication.refresh(SpringApplication.java:742)
	at org.springframework.boot.SpringApplication.refreshContext(SpringApplication.java:389)
	at org.springframework.boot.SpringApplication.run(SpringApplication.java:311)
	at org.springframework.boot.SpringApplication.run(SpringApplication.java:1213)
	at org.springframework.boot.SpringApplication.run(SpringApplication.java:1202)
	at SpringBoot.SpringBootDemoApplication.main(SpringBootDemoApplication.java:11)
2021-12-08 11:00:33.207 - Starting SpringBootDemoApplication on LAPTOP-DMT6I0HJ with PID 3728 (started by 沐霖 in D:\伊斌_JAVA)
2021-12-08 11:00:33.208 - No active profile set, falling back to default profiles: default
2021-12-08 11:00:33.551 - Multiple Spring Data modules found, entering strict repository configuration mode!
2021-12-08 11:00:33.552 - Bootstrapping Spring Data repositories in DEFAULT mode.
2021-12-08 11:00:33.561 - Application run failed
java.lang.NoSuchMethodError: 'java.lang.Object org.springframework.data.repository.config.RepositoryConfigurationSource.getRequiredAttribute(java.lang.String, java.lang.Class)'
	at org.springframework.data.redis.repository.configuration.RedisRepositoryConfigurationExtension.createMappingConfigBeanDef(RedisRepositoryConfigurationExtension.java:171)
	at org.springframework.data.redis.repository.configuration.RedisRepositoryConfigurationExtension.createRedisMappingContext(RedisRepositoryConfigurationExtension.java:164)
	at org.springframework.data.redis.repository.configuration.RedisRepositoryConfigurationExtension.lambda$registerBeansForRoot$0(RedisRepositoryConfigurationExtension.java:96)
	at org.springframework.data.repository.config.RepositoryConfigurationExtensionSupport.registerIfNotAlreadyRegistered(RepositoryConfigurationExtensionSupport.java:270)
	at org.springframework.data.redis.repository.configuration.RedisRepositoryConfigurationExtension.registerBeansForRoot(RedisRepositoryConfigurationExtension.java:96)
	at org.springframework.data.repository.config.RepositoryConfigurationDelegate.registerRepositoriesIn(RepositoryConfigurationDelegate.java:129)
	at org.springframework.boot.autoconfigure.data.AbstractRepositoryConfigurationSourceSupport.registerBeanDefinitions(AbstractRepositoryConfigurationSourceSupport.java:59)
	at org.springframework.context.annotation.ImportBeanDefinitionRegistrar.registerBeanDefinitions(ImportBeanDefinitionRegistrar.java:86)
	at org.springframework.context.annotation.ConfigurationClassBeanDefinitionReader.lambda$loadBeanDefinitionsFromRegistrars$1(ConfigurationClassBeanDefinitionReader.java:396)
	at java.base/java.util.LinkedHashMap.forEach(LinkedHashMap.java:723)
	at org.springframework.context.annotation.ConfigurationClassBeanDefinitionReader.loadBeanDefinitionsFromRegistrars(ConfigurationClassBeanDefinitionReader.java:395)
	at org.springframework.context.annotation.ConfigurationClassBeanDefinitionReader.loadBeanDefinitionsForConfigurationClass(ConfigurationClassBeanDefinitionReader.java:157)
	at org.springframework.context.annotation.ConfigurationClassBeanDefinitionReader.loadBeanDefinitions(ConfigurationClassBeanDefinitionReader.java:129)
	at org.springframework.context.annotation.ConfigurationClassPostProcessor.processConfigBeanDefinitions(ConfigurationClassPostProcessor.java:343)
	at org.springframework.context.annotation.ConfigurationClassPostProcessor.postProcessBeanDefinitionRegistry(ConfigurationClassPostProcessor.java:247)
	at org.springframework.context.support.PostProcessorRegistrationDelegate.invokeBeanDefinitionRegistryPostProcessors(PostProcessorRegistrationDelegate.java:311)
	at org.springframework.context.support.PostProcessorRegistrationDelegate.invokeBeanFactoryPostProcessors(PostProcessorRegistrationDelegate.java:112)
	at org.springframework.context.support.AbstractApplicationContext.invokeBeanFactoryPostProcessors(AbstractApplicationContext.java:746)
	at org.springframework.context.support.AbstractApplicationContext.refresh(AbstractApplicationContext.java:564)
	at org.springframework.boot.web.servlet.context.ServletWebServerApplicationContext.refresh(ServletWebServerApplicationContext.java:140)
	at org.springframework.boot.SpringApplication.refresh(SpringApplication.java:742)
	at org.springframework.boot.SpringApplication.refreshContext(SpringApplication.java:389)
	at org.springframework.boot.SpringApplication.run(SpringApplication.java:311)
	at org.springframework.boot.SpringApplication.run(SpringApplication.java:1213)
	at org.springframework.boot.SpringApplication.run(SpringApplication.java:1202)
	at SpringBoot.SpringBootDemoApplication.main(SpringBootDemoApplication.java:11)
2021-12-08 11:01:15.985 - Starting SpringBootDemoApplication on LAPTOP-DMT6I0HJ with PID 13804 (started by 沐霖 in D:\伊斌_JAVA)
2021-12-08 11:01:15.986 - The following profiles are active: dev
2021-12-08 11:01:16.309 - Multiple Spring Data modules found, entering strict repository configuration mode!
2021-12-08 11:01:16.310 - Bootstrapping Spring Data repositories in DEFAULT mode.
2021-12-08 11:01:16.320 - Application run failed
java.lang.NoSuchMethodError: 'java.lang.Object org.springframework.data.repository.config.RepositoryConfigurationSource.getRequiredAttribute(java.lang.String, java.lang.Class)'
	at org.springframework.data.redis.repository.configuration.RedisRepositoryConfigurationExtension.createMappingConfigBeanDef(RedisRepositoryConfigurationExtension.java:171)
	at org.springframework.data.redis.repository.configuration.RedisRepositoryConfigurationExtension.createRedisMappingContext(RedisRepositoryConfigurationExtension.java:164)
	at org.springframework.data.redis.repository.configuration.RedisRepositoryConfigurationExtension.lambda$registerBeansForRoot$0(RedisRepositoryConfigurationExtension.java:96)
	at org.springframework.data.repository.config.RepositoryConfigurationExtensionSupport.registerIfNotAlreadyRegistered(RepositoryConfigurationExtensionSupport.java:270)
	at org.springframework.data.redis.repository.configuration.RedisRepositoryConfigurationExtension.registerBeansForRoot(RedisRepositoryConfigurationExtension.java:96)
	at org.springframework.data.repository.config.RepositoryConfigurationDelegate.registerRepositoriesIn(RepositoryConfigurationDelegate.java:129)
	at org.springframework.boot.autoconfigure.data.AbstractRepositoryConfigurationSourceSupport.registerBeanDefinitions(AbstractRepositoryConfigurationSourceSupport.java:59)
	at org.springframework.context.annotation.ImportBeanDefinitionRegistrar.registerBeanDefinitions(ImportBeanDefinitionRegistrar.java:86)
	at org.springframework.context.annotation.ConfigurationClassBeanDefinitionReader.lambda$loadBeanDefinitionsFromRegistrars$1(ConfigurationClassBeanDefinitionReader.java:396)
	at java.base/java.util.LinkedHashMap.forEach(LinkedHashMap.java:723)
	at org.springframework.context.annotation.ConfigurationClassBeanDefinitionReader.loadBeanDefinitionsFromRegistrars(ConfigurationClassBeanDefinitionReader.java:395)
	at org.springframework.context.annotation.ConfigurationClassBeanDefinitionReader.loadBeanDefinitionsForConfigurationClass(ConfigurationClassBeanDefinitionReader.java:157)
	at org.springframework.context.annotation.ConfigurationClassBeanDefinitionReader.loadBeanDefinitions(ConfigurationClassBeanDefinitionReader.java:129)
	at org.springframework.context.annotation.ConfigurationClassPostProcessor.processConfigBeanDefinitions(ConfigurationClassPostProcessor.java:343)
	at org.springframework.context.annotation.ConfigurationClassPostProcessor.postProcessBeanDefinitionRegistry(ConfigurationClassPostProcessor.java:247)
	at org.springframework.context.support.PostProcessorRegistrationDelegate.invokeBeanDefinitionRegistryPostProcessors(PostProcessorRegistrationDelegate.java:311)
	at org.springframework.context.support.PostProcessorRegistrationDelegate.invokeBeanFactoryPostProcessors(PostProcessorRegistrationDelegate.java:112)
	at org.springframework.context.support.AbstractApplicationContext.invokeBeanFactoryPostProcessors(AbstractApplicationContext.java:746)
	at org.springframework.context.support.AbstractApplicationContext.refresh(AbstractApplicationContext.java:564)
	at org.springframework.boot.web.servlet.context.ServletWebServerApplicationContext.refresh(ServletWebServerApplicationContext.java:140)
	at org.springframework.boot.SpringApplication.refresh(SpringApplication.java:742)
	at org.springframework.boot.SpringApplication.refreshContext(SpringApplication.java:389)
	at org.springframework.boot.SpringApplication.run(SpringApplication.java:311)
	at org.springframework.boot.SpringApplication.run(SpringApplication.java:1213)
	at org.springframework.boot.SpringApplication.run(SpringApplication.java:1202)
	at SpringBoot.SpringBootDemoApplication.main(SpringBootDemoApplication.java:11)
2021-12-08 11:01:37.286 - Starting SpringBootDemoApplication on LAPTOP-DMT6I0HJ with PID 7516 (started by 沐霖 in D:\伊斌_JAVA)
2021-12-08 11:01:37.288 - No active profile set, falling back to default profiles: default
2021-12-08 11:01:37.656 - Multiple Spring Data modules found, entering strict repository configuration mode!
2021-12-08 11:01:37.657 - Bootstrapping Spring Data repositories in DEFAULT mode.
2021-12-08 11:01:37.666 - Application run failed
java.lang.NoSuchMethodError: 'java.lang.Object org.springframework.data.repository.config.RepositoryConfigurationSource.getRequiredAttribute(java.lang.String, java.lang.Class)'
	at org.springframework.data.redis.repository.configuration.RedisRepositoryConfigurationExtension.createMappingConfigBeanDef(RedisRepositoryConfigurationExtension.java:171)
	at org.springframework.data.redis.repository.configuration.RedisRepositoryConfigurationExtension.createRedisMappingContext(RedisRepositoryConfigurationExtension.java:164)
	at org.springframework.data.redis.repository.configuration.RedisRepositoryConfigurationExtension.lambda$registerBeansForRoot$0(RedisRepositoryConfigurationExtension.java:96)
	at org.springframework.data.repository.config.RepositoryConfigurationExtensionSupport.registerIfNotAlreadyRegistered(RepositoryConfigurationExtensionSupport.java:270)
	at org.springframework.data.redis.repository.configuration.RedisRepositoryConfigurationExtension.registerBeansForRoot(RedisRepositoryConfigurationExtension.java:96)
	at org.springframework.data.repository.config.RepositoryConfigurationDelegate.registerRepositoriesIn(RepositoryConfigurationDelegate.java:129)
	at org.springframework.boot.autoconfigure.data.AbstractRepositoryConfigurationSourceSupport.registerBeanDefinitions(AbstractRepositoryConfigurationSourceSupport.java:59)
	at org.springframework.context.annotation.ImportBeanDefinitionRegistrar.registerBeanDefinitions(ImportBeanDefinitionRegistrar.java:86)
	at org.springframework.context.annotation.ConfigurationClassBeanDefinitionReader.lambda$loadBeanDefinitionsFromRegistrars$1(ConfigurationClassBeanDefinitionReader.java:396)
	at java.base/java.util.LinkedHashMap.forEach(LinkedHashMap.java:723)
	at org.springframework.context.annotation.ConfigurationClassBeanDefinitionReader.loadBeanDefinitionsFromRegistrars(ConfigurationClassBeanDefinitionReader.java:395)
	at org.springframework.context.annotation.ConfigurationClassBeanDefinitionReader.loadBeanDefinitionsForConfigurationClass(ConfigurationClassBeanDefinitionReader.java:157)
	at org.springframework.context.annotation.ConfigurationClassBeanDefinitionReader.loadBeanDefinitions(ConfigurationClassBeanDefinitionReader.java:129)
	at org.springframework.context.annotation.ConfigurationClassPostProcessor.processConfigBeanDefinitions(ConfigurationClassPostProcessor.java:343)
	at org.springframework.context.annotation.ConfigurationClassPostProcessor.postProcessBeanDefinitionRegistry(ConfigurationClassPostProcessor.java:247)
	at org.springframework.context.support.PostProcessorRegistrationDelegate.invokeBeanDefinitionRegistryPostProcessors(PostProcessorRegistrationDelegate.java:311)
	at org.springframework.context.support.PostProcessorRegistrationDelegate.invokeBeanFactoryPostProcessors(PostProcessorRegistrationDelegate.java:112)
	at org.springframework.context.support.AbstractApplicationContext.invokeBeanFactoryPostProcessors(AbstractApplicationContext.java:746)
	at org.springframework.context.support.AbstractApplicationContext.refresh(AbstractApplicationContext.java:564)
	at org.springframework.boot.web.servlet.context.ServletWebServerApplicationContext.refresh(ServletWebServerApplicationContext.java:140)
	at org.springframework.boot.SpringApplication.refresh(SpringApplication.java:742)
	at org.springframework.boot.SpringApplication.refreshContext(SpringApplication.java:389)
	at org.springframework.boot.SpringApplication.run(SpringApplication.java:311)
	at org.springframework.boot.SpringApplication.run(SpringApplication.java:1213)
	at org.springframework.boot.SpringApplication.run(SpringApplication.java:1202)
	at SpringBoot.SpringBootDemoApplication.main(SpringBootDemoApplication.java:11)
2021-12-08 11:01:54.790 - Starting SpringBootDemoApplication on LAPTOP-DMT6I0HJ with PID 1384 (started by 沐霖 in D:\伊斌_JAVA)
2021-12-08 11:01:54.792 - The following profiles are active: dev
2021-12-08 11:01:55.166 - Multiple Spring Data modules found, entering strict repository configuration mode!
2021-12-08 11:01:55.167 - Bootstrapping Spring Data repositories in DEFAULT mode.
2021-12-08 11:01:55.176 - Application run failed
java.lang.NoSuchMethodError: 'java.lang.Object org.springframework.data.repository.config.RepositoryConfigurationSource.getRequiredAttribute(java.lang.String, java.lang.Class)'
	at org.springframework.data.redis.repository.configuration.RedisRepositoryConfigurationExtension.createMappingConfigBeanDef(RedisRepositoryConfigurationExtension.java:171)
	at org.springframework.data.redis.repository.configuration.RedisRepositoryConfigurationExtension.createRedisMappingContext(RedisRepositoryConfigurationExtension.java:164)
	at org.springframework.data.redis.repository.configuration.RedisRepositoryConfigurationExtension.lambda$registerBeansForRoot$0(RedisRepositoryConfigurationExtension.java:96)
	at org.springframework.data.repository.config.RepositoryConfigurationExtensionSupport.registerIfNotAlreadyRegistered(RepositoryConfigurationExtensionSupport.java:270)
	at org.springframework.data.redis.repository.configuration.RedisRepositoryConfigurationExtension.registerBeansForRoot(RedisRepositoryConfigurationExtension.java:96)
	at org.springframework.data.repository.config.RepositoryConfigurationDelegate.registerRepositoriesIn(RepositoryConfigurationDelegate.java:129)
	at org.springframework.boot.autoconfigure.data.AbstractRepositoryConfigurationSourceSupport.registerBeanDefinitions(AbstractRepositoryConfigurationSourceSupport.java:59)
	at org.springframework.context.annotation.ImportBeanDefinitionRegistrar.registerBeanDefinitions(ImportBeanDefinitionRegistrar.java:86)
	at org.springframework.context.annotation.ConfigurationClassBeanDefinitionReader.lambda$loadBeanDefinitionsFromRegistrars$1(ConfigurationClassBeanDefinitionReader.java:396)
	at java.base/java.util.LinkedHashMap.forEach(LinkedHashMap.java:723)
	at org.springframework.context.annotation.ConfigurationClassBeanDefinitionReader.loadBeanDefinitionsFromRegistrars(ConfigurationClassBeanDefinitionReader.java:395)
	at org.springframework.context.annotation.ConfigurationClassBeanDefinitionReader.loadBeanDefinitionsForConfigurationClass(ConfigurationClassBeanDefinitionReader.java:157)
	at org.springframework.context.annotation.ConfigurationClassBeanDefinitionReader.loadBeanDefinitions(ConfigurationClassBeanDefinitionReader.java:129)
	at org.springframework.context.annotation.ConfigurationClassPostProcessor.processConfigBeanDefinitions(ConfigurationClassPostProcessor.java:343)
	at org.springframework.context.annotation.ConfigurationClassPostProcessor.postProcessBeanDefinitionRegistry(ConfigurationClassPostProcessor.java:247)
	at org.springframework.context.support.PostProcessorRegistrationDelegate.invokeBeanDefinitionRegistryPostProcessors(PostProcessorRegistrationDelegate.java:311)
	at org.springframework.context.support.PostProcessorRegistrationDelegate.invokeBeanFactoryPostProcessors(PostProcessorRegistrationDelegate.java:112)
	at org.springframework.context.support.AbstractApplicationContext.invokeBeanFactoryPostProcessors(AbstractApplicationContext.java:746)
	at org.springframework.context.support.AbstractApplicationContext.refresh(AbstractApplicationContext.java:564)
	at org.springframework.boot.web.servlet.context.ServletWebServerApplicationContext.refresh(ServletWebServerApplicationContext.java:140)
	at org.springframework.boot.SpringApplication.refresh(SpringApplication.java:742)
	at org.springframework.boot.SpringApplication.refreshContext(SpringApplication.java:389)
	at org.springframework.boot.SpringApplication.run(SpringApplication.java:311)
	at org.springframework.boot.SpringApplication.run(SpringApplication.java:1213)
	at org.springframework.boot.SpringApplication.run(SpringApplication.java:1202)
	at SpringBoot.SpringBootDemoApplication.main(SpringBootDemoApplication.java:11)
2021-12-08 11:14:19.497 - Starting SpringBootDemoApplication on LAPTOP-DMT6I0HJ with PID 20472 (started by 沐霖 in D:\伊斌_JAVA)
2021-12-08 11:14:19.499 - The following profiles are active: dev
2021-12-08 11:14:19.926 - Multiple Spring Data modules found, entering strict repository configuration mode!
2021-12-08 11:14:19.927 - Bootstrapping Spring Data repositories in DEFAULT mode.
2021-12-08 11:14:19.937 - Application run failed
java.lang.NoSuchMethodError: 'java.lang.Object org.springframework.data.repository.config.RepositoryConfigurationSource.getRequiredAttribute(java.lang.String, java.lang.Class)'
	at org.springframework.data.redis.repository.configuration.RedisRepositoryConfigurationExtension.createMappingConfigBeanDef(RedisRepositoryConfigurationExtension.java:171)
	at org.springframework.data.redis.repository.configuration.RedisRepositoryConfigurationExtension.createRedisMappingContext(RedisRepositoryConfigurationExtension.java:164)
	at org.springframework.data.redis.repository.configuration.RedisRepositoryConfigurationExtension.lambda$registerBeansForRoot$0(RedisRepositoryConfigurationExtension.java:96)
	at org.springframework.data.repository.config.RepositoryConfigurationExtensionSupport.registerIfNotAlreadyRegistered(RepositoryConfigurationExtensionSupport.java:270)
	at org.springframework.data.redis.repository.configuration.RedisRepositoryConfigurationExtension.registerBeansForRoot(RedisRepositoryConfigurationExtension.java:96)
	at org.springframework.data.repository.config.RepositoryConfigurationDelegate.registerRepositoriesIn(RepositoryConfigurationDelegate.java:129)
	at org.springframework.boot.autoconfigure.data.AbstractRepositoryConfigurationSourceSupport.registerBeanDefinitions(AbstractRepositoryConfigurationSourceSupport.java:59)
	at org.springframework.context.annotation.ImportBeanDefinitionRegistrar.registerBeanDefinitions(ImportBeanDefinitionRegistrar.java:86)
	at org.springframework.context.annotation.ConfigurationClassBeanDefinitionReader.lambda$loadBeanDefinitionsFromRegistrars$1(ConfigurationClassBeanDefinitionReader.java:396)
	at java.base/java.util.LinkedHashMap.forEach(LinkedHashMap.java:723)
	at org.springframework.context.annotation.ConfigurationClassBeanDefinitionReader.loadBeanDefinitionsFromRegistrars(ConfigurationClassBeanDefinitionReader.java:395)
	at org.springframework.context.annotation.ConfigurationClassBeanDefinitionReader.loadBeanDefinitionsForConfigurationClass(ConfigurationClassBeanDefinitionReader.java:157)
	at org.springframework.context.annotation.ConfigurationClassBeanDefinitionReader.loadBeanDefinitions(ConfigurationClassBeanDefinitionReader.java:129)
	at org.springframework.context.annotation.ConfigurationClassPostProcessor.processConfigBeanDefinitions(ConfigurationClassPostProcessor.java:343)
	at org.springframework.context.annotation.ConfigurationClassPostProcessor.postProcessBeanDefinitionRegistry(ConfigurationClassPostProcessor.java:247)
	at org.springframework.context.support.PostProcessorRegistrationDelegate.invokeBeanDefinitionRegistryPostProcessors(PostProcessorRegistrationDelegate.java:311)
	at org.springframework.context.support.PostProcessorRegistrationDelegate.invokeBeanFactoryPostProcessors(PostProcessorRegistrationDelegate.java:112)
	at org.springframework.context.support.AbstractApplicationContext.invokeBeanFactoryPostProcessors(AbstractApplicationContext.java:746)
	at org.springframework.context.support.AbstractApplicationContext.refresh(AbstractApplicationContext.java:564)
	at org.springframework.boot.web.servlet.context.ServletWebServerApplicationContext.refresh(ServletWebServerApplicationContext.java:140)
	at org.springframework.boot.SpringApplication.refresh(SpringApplication.java:742)
	at org.springframework.boot.SpringApplication.refreshContext(SpringApplication.java:389)
	at org.springframework.boot.SpringApplication.run(SpringApplication.java:311)
	at org.springframework.boot.SpringApplication.run(SpringApplication.java:1213)
	at org.springframework.boot.SpringApplication.run(SpringApplication.java:1202)
	at SpringBoot.SpringBootDemoApplication.main(SpringBootDemoApplication.java:11)
